<?xml version="1.0" encoding="UTF-8"?>
<testsuite xmlns:xsi="http://www.w3.org/2001/XMLSchema-instance" xsi:noNamespaceSchemaLocation="https://maven.apache.org/surefire/maven-surefire-plugin/xsd/surefire-test-report-3.0.xsd" version="3.0" name="CalculadoraTest" time="0.049" tests="9" errors="0" skipped="0" failures="0">
  <properties>
[...]
</properties>
  <testcase name="testDivisaoPorZero" classname="CalculadoraTest" time="0.005"/>
  <testcase name="testRaizQuadrada" classname="CalculadoraTest" time="0.0"/>
  <testcase name="testSoma" classname="CalculadoraTest" time="0.0"/>
  <testcase name="testPorcentagem" classname="CalculadoraTest" time="0.0"/>
  <testcase name="testSubtracao" classname="CalculadoraTest" time="0.0"/>
  <testcase name="testDivisao" classname="CalculadoraTest" time="0.0"/>
  <testcase name="testMultiplicacao" classname="CalculadoraTest" time="0.0"/>
  <testcase name="testPotencia" classname="CalculadoraTest" time="0.0"/>
  <testcase name="testFatorial" classname="CalculadoraTest" time="0.0"/>
</testsuite>